#
# A fatal error has been detected by the Java Runtime Environment:
#
#  EXCEPTION_STACK_OVERFLOW (0xc00000fd) at pc=0x6400b9a3, pid=29508, tid=0x0000716c
#
# JRE version: Java(TM) SE Runtime Environment (8.0_191-b12) (build 1.8.0_191-b12)
# Java VM: Java HotSpot(TM) Client VM (25.191-b12 mixed mode windows-x86 )
# Problematic frame:
# C  [jSSC-2.8_x86.dll+0xb9a3]
#
# Failed to write core dump. Minidumps are not enabled by default on client versions of Windows
#
# If you would like to submit a bug report, please visit:
#   http://bugreport.java.com/bugreport/crash.jsp
# The crash happened outside the Java Virtual Machine in native code.
# See problematic frame for where to report the bug.
#

---------------  T H R E A D  ---------------

Current thread (0x2989a400):  JavaThread "EventThread COM6" [_thread_in_native, id=29036, stack(0x269d0000,0x26a20000)]

siginfo: ExceptionCode=0xc00000fd, ExceptionInformation=0x00000001 0x269d0f90 

Registers:
EAX=0x00029510, EBX=0x29299620, ECX=0x269d0f90, EDX=0x00000000
ESP=0x26a1ef84, EBP=0x26a1efe8, ESI=0x2989a540, EDI=0x29299634
EIP=0x6400b9a3, EFLAGS=0x00010206

Top of Stack: (sp=0x26a1ef84)
0x26a1ef84:   00076510 00000000 64001739 00000014
0x26a1ef94:   3a747365 00000001 00000004 00000000
0x26a1efa4:   00000001 0007650f 00000001 00000000
0x26a1efb4:   00000000 00000be8 03deec20 0000001b
0x26a1efc4:   0000001b 00000000 0000001b 2c300a0d
0x26a1efd4:   0a0a0d30 69736142 00000000 1931acb0
0x26a1efe4:   2989a400 26a1f018 03d0a4a5 2989a540
0x26a1eff4:   26a1f004 00000be8 00000000 0007650f 

Instructions: (pc=0x6400b9a3)
0x6400b983:   fd ff ff eb 91 90 90 90 90 90 90 90 90 51 50 3d
0x6400b993:   00 10 00 00 8d 4c 24 0c 72 15 81 e9 00 10 00 00
0x6400b9a3:   83 09 00 2d 00 10 00 00 3d 00 10 00 00 77 eb 29
0x6400b9b3:   c1 83 09 00 58 59 c3 90 90 8b 44 24 04 c7 00 ff 


Register to memory mapping:

EAX=0x00029510 is an unknown value
EBX=0x29299620 is an unknown value
ECX=0x269d0f90 is pointing into the stack for thread: 0x2989a400
EDX=0x00000000 is an unknown value
ESP=0x26a1ef84 is pointing into the stack for thread: 0x2989a400
EBP=0x26a1efe8 is pointing into the stack for thread: 0x2989a400
ESI=0x2989a540 is an unknown value
EDI=0x29299634 is an unknown value


Stack: [0x269d0000,0x26a20000],  sp=0x26a1ef84,  free space=315k
Native frames: (J=compiled Java code, j=interpreted, Vv=VM code, C=native code)
C  [jSSC-2.8_x86.dll+0xb9a3]
J 3483  jssc.SerialNativeInterface.readBytes(JI)[B (0 bytes) @ 0x03d0a4a5 [0x03d0a410+0x95]
J 3501% C1 jssc.SerialPort$EventThread.run()V (84 bytes) @ 0x03df8940 [0x03df8690+0x2b0]
v  ~StubRoutines::call_stub
V  [jvm.dll+0x15c315]
V  [jvm.dll+0x223ece]
V  [jvm.dll+0x15c3ae]
V  [jvm.dll+0x15c536]
V  [jvm.dll+0x15c5a7]
V  [jvm.dll+0x1002ef]
V  [jvm.dll+0x17f550]
V  [jvm.dll+0x17fdca]
V  [jvm.dll+0x1c57a6]
C  [msvcr100.dll+0x5c556]
C  [msvcr100.dll+0x5c600]
C  [KERNEL32.DLL+0x16359]
C  [ntdll.dll+0x687a4]
C  [ntdll.dll+0x68774]
C  0x00000000

Java frames: (J=compiled Java code, j=interpreted, Vv=VM code)
J 3483  jssc.SerialNativeInterface.readBytes(JI)[B (0 bytes) @ 0x03d0a461 [0x03d0a410+0x51]
J 3501% C1 jssc.SerialPort$EventThread.run()V (84 bytes) @ 0x03df8940 [0x03df8690+0x2b0]
v  ~StubRoutines::call_stub

---------------  P R O C E S S  ---------------

Java Threads: ( => current thread )
=>0x2989a400 JavaThread "EventThread COM6" [_thread_in_native, id=29036, stack(0x269d0000,0x26a20000)]
  0x2989fc00 JavaThread "DestroyJavaVM" [_thread_blocked, id=31052, stack(0x03840000,0x03890000)]
  0x29899800 JavaThread "TimerQueue" daemon [_thread_blocked, id=24864, stack(0x2c900000,0x2c950000)]
  0x29899c00 JavaThread "AWT-EventQueue-0" [_thread_in_Java, id=148, stack(0x286a0000,0x286f0000)]
  0x2989e400 JavaThread "AWT-Shutdown" [_thread_blocked, id=19176, stack(0x038d0000,0x03920000)]
  0x2989b800 JavaThread "Batik CleanerThread" daemon [_thread_blocked, id=28312, stack(0x2a3b0000,0x2a400000)]
  0x2987c400 JavaThread "JmDNS(DESKTOP-OJEP9QI.local.).State.Timer" [_thread_blocked, id=28852, stack(0x2a200000,0x2a250000)]
  0x2987ec00 JavaThread "JmDNS(DESKTOP-OJEP9QI.local.).Timer" daemon [_thread_blocked, id=27820, stack(0x2a170000,0x2a1c0000)]
  0x2987dc00 JavaThread "SocketListener(DESKTOP-OJEP9QI.local.)" daemon [_thread_in_native, id=33516, stack(0x294e0000,0x29530000)]
  0x2987d000 JavaThread "JmDNS(DESKTOP-OJEP9QI.local.).State.Timer" [_thread_blocked, id=28204, stack(0x29390000,0x293e0000)]
  0x2987c000 JavaThread "JmDNS(DESKTOP-OJEP9QI.local.).Timer" daemon [_thread_blocked, id=33140, stack(0x28fe0000,0x29030000)]
  0x2987d800 JavaThread "SocketListener(DESKTOP-OJEP9QI.local.)" daemon [_thread_in_native, id=28656, stack(0x28f50000,0x28fa0000)]
  0x2987b000 JavaThread "JmDNS(DESKTOP-OJEP9QI.local.).State.Timer" [_thread_blocked, id=27616, stack(0x28dc0000,0x28e10000)]
  0x2987b800 JavaThread "JmDNS(DESKTOP-OJEP9QI.local.).Timer" daemon [_thread_blocked, id=16428, stack(0x28d30000,0x28d80000)]
  0x2987cc00 JavaThread "SocketListener(DESKTOP-OJEP9QI.local.)" daemon [_thread_in_native, id=32040, stack(0x28ca0000,0x28cf0000)]
  0x298dc400 JavaThread "JmDNS(DESKTOP-OJEP9QI-mshome-net.local.).State.Timer" [_thread_blocked, id=19664, stack(0x28b80000,0x28bd0000)]
  0x298db000 JavaThread "JmDNS(DESKTOP-OJEP9QI-mshome-net.local.).Timer" daemon [_thread_blocked, id=32332, stack(0x28af0000,0x28b40000)]
  0x298db800 JavaThread "SocketListener(DESKTOP-OJEP9QI-mshome-net.local.)" daemon [_thread_in_native, id=14564, stack(0x28a60000,0x28ab0000)]
  0x29871c00 JavaThread "Multihomed mDNS.Timer" daemon [_thread_in_native, id=2888, stack(0x27b80000,0x27bd0000)]
  0x29871400 JavaThread "cc.arduino.packages.discoverers.serial.SerialDiscovery" [_thread_in_native, id=30260, stack(0x28730000,0x28780000)]
  0x276e1000 JavaThread "AWT-Windows" daemon [_thread_in_native, id=28968, stack(0x27c10000,0x27c60000)]
  0x276dfc00 JavaThread "Java2D Disposer" daemon [_thread_blocked, id=31968, stack(0x27af0000,0x27b40000)]
  0x26ec7c00 JavaThread "Service Thread" daemon [_thread_blocked, id=33644, stack(0x27360000,0x273b0000)]
  0x26ebf000 JavaThread "C1 CompilerThread0" daemon [_thread_blocked, id=27876, stack(0x272d0000,0x27320000)]
  0x26ecf800 JavaThread "Attach Listener" daemon [_thread_blocked, id=25776, stack(0x27240000,0x27290000)]
  0x26ecbc00 JavaThread "Signal Dispatcher" daemon [_thread_blocked, id=26460, stack(0x26200000,0x26250000)]
  0x26eac800 JavaThread "Finalizer" daemon [_thread_blocked, id=28152, stack(0x27090000,0x270e0000)]
  0x26ea6800 JavaThread "Reference Handler" daemon [_thread_blocked, id=32464, stack(0x262a0000,0x262f0000)]

Other Threads:
  0x26e91400 VMThread [stack: 0x26170000,0x261c0000] [id=25392]
  0x26ef1800 WatcherThread [stack: 0x273f0000,0x27440000] [id=24152]

VM state:not at safepoint (normal execution)

VM Mutex/Monitor currently owned by a thread: None

Heap:
 def new generation   total 157248K, used 76741K [0x05c00000, 0x106a0000, 0x106a0000)
  eden space 139776K,  54% used [0x05c00000, 0x0a6f1528, 0x0e480000)
  from space 17472K,   0% used [0x0f590000, 0x0f590000, 0x106a0000)
  to   space 17472K,   0% used [0x0e480000, 0x0e480000, 0x0f590000)
 tenured generation   total 349568K, used 302384K [0x106a0000, 0x25c00000, 0x25c00000)
   the space 349568K,  86% used [0x106a0000, 0x22dec1e8, 0x22dec200, 0x25c00000)
 Metaspace       used 22245K, capacity 22796K, committed 22912K, reserved 22912K

Card table byte_map: [0x25c00000,0x25d10000] byte_map_base: 0x25bd2000

Polling page: 0x03580000

CodeCache: size=32768Kb used=2440Kb max_used=4918Kb free=30327Kb
 bounds [0x03b30000, 0x04000000, 0x05b30000]
 total_blobs=1497 nmethods=1213 adapters=213
 compilation: enabled

Compilation events (10 events):
Event: 939.854 Thread 0x26ebf000 6294             sun.awt.AWTAutoShutdown::getInstance (4 bytes)
Event: 939.855 Thread 0x26ebf000 nmethod 6294 0x03c27a88 code [0x03c27b80, 0x03c27bf0]
Event: 939.889 Thread 0x26ebf000 6295             sun.awt.SunToolkit::targetToAppContext (30 bytes)
Event: 939.890 Thread 0x26ebf000 nmethod 6295 0x03fa55c8 code [0x03fa56e0, 0x03fa5958]
Event: 942.370 Thread 0x26ebf000 6296             java.util.ArrayList::toArray (12 bytes)
Event: 942.370 Thread 0x26ebf000 nmethod 6296 0x03bd3188 code [0x03bd3290, 0x03bd333c]
Event: 942.371 Thread 0x26ebf000 6297             java.lang.String::trim (77 bytes)
Event: 942.371 Thread 0x26ebf000 nmethod 6297 0x03c164c8 code [0x03c165d0, 0x03c166ec]
Event: 942.401 Thread 0x26ebf000 6298             java.util.concurrent.locks.AbstractQueuedSynchronizer$ConditionObject::doSignal (43 bytes)
Event: 942.401 Thread 0x26ebf000 nmethod 6298 0x03c75508 code [0x03c75610, 0x03c7571c]

GC Heap History (10 events):
Event: 910.455 GC heap before
{Heap before GC invocations=86 (full 34):
 def new generation   total 157248K, used 157248K [0x05c00000, 0x106a0000, 0x106a0000)
  eden space 139776K, 100% used [0x05c00000, 0x0e480000, 0x0e480000)
  from space 17472K, 100% used [0x0f590000, 0x106a0000, 0x106a0000)
  to   space 17472K,   0% used [0x0e480000, 0x0e480000, 0x0f590000)
 tenured generation   total 349568K, used 318287K [0x106a0000, 0x25c00000, 0x25c00000)
   the space 349568K,  91% used [0x106a0000, 0x23d73e30, 0x23d74000, 0x25c00000)
 Metaspace       used 22245K, capacity 22796K, committed 22912K, reserved 22912K
Event: 911.058 GC heap after
Heap after GC invocations=87 (full 35):
 def new generation   total 157248K, used 0K [0x05c00000, 0x106a0000, 0x106a0000)
  eden space 139776K,   0% used [0x05c00000, 0x05c00000, 0x0e480000)
  from space 17472K,   0% used [0x0f590000, 0x0f590000, 0x106a0000)
  to   space 17472K,   0% used [0x0e480000, 0x0e480000, 0x0f590000)
 tenured generation   total 349568K, used 328769K [0x106a0000, 0x25c00000, 0x25c00000)
   the space 349568K,  94% used [0x106a0000, 0x247b05a0, 0x247b0600, 0x25c00000)
 Metaspace       used 22245K, capacity 22796K, committed 22912K, reserved 22912K
}
Event: 917.104 GC heap before
{Heap before GC invocations=87 (full 35):
 def new generation   total 157248K, used 139776K [0x05c00000, 0x106a0000, 0x106a0000)
  eden space 139776K, 100% used [0x05c00000, 0x0e480000, 0x0e480000)
  from space 17472K,   0% used [0x0f590000, 0x0f590000, 0x106a0000)
  to   space 17472K,   0% used [0x0e480000, 0x0e480000, 0x0f590000)
 tenured generation   total 349568K, used 328769K [0x106a0000, 0x25c00000, 0x25c00000)
   the space 349568K,  94% used [0x106a0000, 0x247b05a0, 0x247b0600, 0x25c00000)
 Metaspace       used 22245K, capacity 22796K, committed 22912K, reserved 22912K
Event: 917.519 GC heap after
Heap after GC invocations=88 (full 36):
 def new generation   total 157248K, used 0K [0x05c00000, 0x106a0000, 0x106a0000)
  eden space 139776K,   0% used [0x05c00000, 0x05c00000, 0x0e480000)
  from space 17472K,   0% used [0x0f590000, 0x0f590000, 0x106a0000)
  to   space 17472K,   0% used [0x0e480000, 0x0e480000, 0x0f590000)
 tenured generation   total 349568K, used 254338K [0x106a0000, 0x25c00000, 0x25c00000)
   the space 349568K,  72% used [0x106a0000, 0x1ff00a98, 0x1ff00c00, 0x25c00000)
 Metaspace       used 22245K, capacity 22796K, committed 22912K, reserved 22912K
}
Event: 923.809 GC heap before
{Heap before GC invocations=88 (full 36):
 def new generation   total 157248K, used 139776K [0x05c00000, 0x106a0000, 0x106a0000)
  eden space 139776K, 100% used [0x05c00000, 0x0e480000, 0x0e480000)
  from space 17472K,   0% used [0x0f590000, 0x0f590000, 0x106a0000)
  to   space 17472K,   0% used [0x0e480000, 0x0e480000, 0x0f590000)
 tenured generation   total 349568K, used 254338K [0x106a0000, 0x25c00000, 0x25c00000)
   the space 349568K,  72% used [0x106a0000, 0x1ff00a98, 0x1ff00c00, 0x25c00000)
 Metaspace       used 22245K, capacity 22796K, committed 22912K, reserved 22912K
Event: 923.883 GC heap after
Heap after GC invocations=89 (full 36):
 def new generation   total 157248K, used 17472K [0x05c00000, 0x106a0000, 0x106a0000)
  eden space 139776K,   0% used [0x05c00000, 0x05c00000, 0x0e480000)
  from space 17472K, 100% used [0x0e480000, 0x0f590000, 0x0f590000)
  to   space 17472K,   0% used [0x0f590000, 0x0f590000, 0x106a0000)
 tenured generation   total 349568K, used 270754K [0x106a0000, 0x25c00000, 0x25c00000)
   the space 349568K,  77% used [0x106a0000, 0x20f08980, 0x20f08a00, 0x25c00000)
 Metaspace       used 22245K, capacity 22796K, committed 22912K, reserved 22912K
}
Event: 932.231 GC heap before
{Heap before GC invocations=89 (full 36):
 def new generation   total 157248K, used 157248K [0x05c00000, 0x106a0000, 0x106a0000)
  eden space 139776K, 100% used [0x05c00000, 0x0e480000, 0x0e480000)
  from space 17472K, 100% used [0x0e480000, 0x0f590000, 0x0f590000)
  to   space 17472K,   0% used [0x0f590000, 0x0f590000, 0x106a0000)
 tenured generation   total 349568K, used 270754K [0x106a0000, 0x25c00000, 0x25c00000)
   the space 349568K,  77% used [0x106a0000, 0x20f08980, 0x20f08a00, 0x25c00000)
 Metaspace       used 22245K, capacity 22796K, committed 22912K, reserved 22912K
Event: 932.376 GC heap after
Heap after GC invocations=90 (full 36):
 def new generation   total 157248K, used 17472K [0x05c00000, 0x106a0000, 0x106a0000)
  eden space 139776K,   0% used [0x05c00000, 0x05c00000, 0x0e480000)
  from space 17472K, 100% used [0x0f590000, 0x106a0000, 0x106a0000)
  to   space 17472K,   0% used [0x0e480000, 0x0e480000, 0x0f590000)
 tenured generation   total 349568K, used 303909K [0x106a0000, 0x25c00000, 0x25c00000)
   the space 349568K,  86% used [0x106a0000, 0x22f69760, 0x22f69800, 0x25c00000)
 Metaspace       used 22245K, capacity 22796K, committed 22912K, reserved 22912K
}
Event: 941.141 GC heap before
{Heap before GC invocations=90 (full 36):
 def new generation   total 157248K, used 157076K [0x05c00000, 0x106a0000, 0x106a0000)
  eden space 139776K,  99% used [0x05c00000, 0x0e455178, 0x0e480000)
  from space 17472K, 100% used [0x0f590000, 0x106a0000, 0x106a0000)
  to   space 17472K,   0% used [0x0e480000, 0x0e480000, 0x0f590000)
 tenured generation   total 349568K, used 303909K [0x106a0000, 0x25c00000, 0x25c00000)
   the space 349568K,  86% used [0x106a0000, 0x22f69760, 0x22f69800, 0x25c00000)
 Metaspace       used 22245K, capacity 22796K, committed 22912K, reserved 22912K
Event: 942.107 GC heap after
Heap after GC invocations=91 (full 37):
 def new generation   total 157248K, used 0K [0x05c00000, 0x106a0000, 0x106a0000)
  eden space 139776K,   0% used [0x05c00000, 0x05c00000, 0x0e480000)
  from space 17472K,   0% used [0x0f590000, 0x0f590000, 0x106a0000)
  to   space 17472K,   0% used [0x0e480000, 0x0e480000, 0x0f590000)
 tenured generation   total 349568K, used 302384K [0x106a0000, 0x25c00000, 0x25c00000)
   the space 349568K,  86% used [0x106a0000, 0x22dec1e8, 0x22dec200, 0x25c00000)
 Metaspace       used 22245K, capacity 22796K, committed 22912K, reserved 22912K
}

Deoptimization events (0 events):
No events

Classes redefined (0 events):
No events

Internal exceptions (10 events):
Event: 410.659 Thread 0x2989ac00 Exception <a 'sun/nio/fs/WindowsException'> (0x08b17f38) thrown at [C:\workspace\8-2-build-windows-i586-cygwin\jdk8u191\11896\hotspot\src\share\vm\prims\jni.cpp, line 709]
Event: 410.659 Thread 0x2989ac00 Exception <a 'sun/nio/fs/WindowsException'> (0x08b184c8) thrown at [C:\workspace\8-2-build-windows-i586-cygwin\jdk8u191\11896\hotspot\src\share\vm\prims\jni.cpp, line 709]
Event: 410.665 Thread 0x2989ac00 Exception <a 'sun/nio/fs/WindowsException'> (0x08b25570) thrown at [C:\workspace\8-2-build-windows-i586-cygwin\jdk8u191\11896\hotspot\src\share\vm\prims\jni.cpp, line 709]
Event: 410.665 Thread 0x2989ac00 Exception <a 'sun/nio/fs/WindowsException'> (0x08b25b00) thrown at [C:\workspace\8-2-build-windows-i586-cygwin\jdk8u191\11896\hotspot\src\share\vm\prims\jni.cpp, line 709]
Event: 410.673 Thread 0x2989ac00 Exception <a 'sun/nio/fs/WindowsException'> (0x08b3eb28) thrown at [C:\workspace\8-2-build-windows-i586-cygwin\jdk8u191\11896\hotspot\src\share\vm\prims\jni.cpp, line 709]
Event: 410.673 Thread 0x2989ac00 Exception <a 'sun/nio/fs/WindowsException'> (0x08b3f0d0) thrown at [C:\workspace\8-2-build-windows-i586-cygwin\jdk8u191\11896\hotspot\src\share\vm\prims\jni.cpp, line 709]
Event: 410.679 Thread 0x2989ac00 Exception <a 'sun/nio/fs/WindowsException'> (0x08b57a70) thrown at [C:\workspace\8-2-build-windows-i586-cygwin\jdk8u191\11896\hotspot\src\share\vm\prims\jni.cpp, line 709]
Event: 410.679 Thread 0x2989ac00 Exception <a 'sun/nio/fs/WindowsException'> (0x08b580a0) thrown at [C:\workspace\8-2-build-windows-i586-cygwin\jdk8u191\11896\hotspot\src\share\vm\prims\jni.cpp, line 709]
Event: 410.685 Thread 0x2989ac00 Exception <a 'sun/nio/fs/WindowsException'> (0x08b63418) thrown at [C:\workspace\8-2-build-windows-i586-cygwin\jdk8u191\11896\hotspot\src\share\vm\prims\jni.cpp, line 709]
Event: 410.685 Thread 0x2989ac00 Exception <a 'sun/nio/fs/WindowsException'> (0x08b639f8) thrown at [C:\workspace\8-2-build-windows-i586-cygwin\jdk8u191\11896\hotspot\src\share\vm\prims\jni.cpp, line 709]

Events (10 events):
Event: 939.731 Thread 0x26ebf000 flushing nmethod 0x03c75508
Event: 941.141 Executing VM operation: GenCollectForAllocation
Event: 942.107 Executing VM operation: GenCollectForAllocation done
Event: 942.371 Thread 0x26ebf000 flushing nmethod 0x03c0b3c8
Event: 942.371 Thread 0x26ebf000 flushing nmethod 0x03c16c48
Event: 942.371 Thread 0x26ebf000 flushing nmethod 0x03c28848
Event: 942.371 Thread 0x26ebf000 flushing nmethod 0x03c28a08
Event: 942.371 Thread 0x26ebf000 flushing nmethod 0x03c292c8
Event: 942.371 Thread 0x26ebf000 flushing nmethod 0x03c353c8
Event: 942.371 Thread 0x26ebf000 flushing nmethod 0x03dbb988


Dynamic libraries:
0x00230000 - 0x00263000 	C:\Program Files (x86)\Arduino\java\bin\javaw.exe
0x77620000 - 0x777ba000 	C:\Windows\SYSTEM32\ntdll.dll
0x76fd0000 - 0x770b0000 	C:\Windows\System32\KERNEL32.DLL
0x74f30000 - 0x7512f000 	C:\Windows\System32\KERNELBASE.dll
0x74e00000 - 0x74e79000 	C:\Windows\System32\ADVAPI32.dll
0x75310000 - 0x753cf000 	C:\Windows\System32\msvcrt.dll
0x765a0000 - 0x76616000 	C:\Windows\System32\sechost.dll
0x75190000 - 0x7524b000 	C:\Windows\System32\RPCRT4.dll
0x74de0000 - 0x74e00000 	C:\Windows\System32\SspiCli.dll
0x74dd0000 - 0x74dda000 	C:\Windows\System32\CRYPTBASE.dll
0x76ce0000 - 0x76d40000 	C:\Windows\System32\bcryptPrimitives.dll
0x76d40000 - 0x76ed8000 	C:\Windows\System32\USER32.dll
0x74ec0000 - 0x74ed7000 	C:\Windows\System32\win32u.dll
0x76ca0000 - 0x76cc1000 	C:\Windows\System32\GDI32.dll
0x77340000 - 0x7749d000 	C:\Windows\System32\gdi32full.dll
0x77590000 - 0x7760c000 	C:\Windows\System32\msvcp_win.dll
0x75c10000 - 0x75d30000 	C:\Windows\System32\ucrtbase.dll
0x6fc60000 - 0x6fe6f000 	C:\Windows\WinSxS\x86_microsoft.windows.common-controls_6595b64144ccf1df_6.0.18362.1556_none_e62b6e06f8da6adb\COMCTL32.dll
0x753d0000 - 0x75647000 	C:\Windows\System32\combase.dll
0x74e80000 - 0x74ea5000 	C:\Windows\System32\IMM32.DLL
0x72e00000 - 0x72e91000 	C:\Windows\System32\tmumh\20019\AddOn\7.0.0.1176\TmUmEvt.dll
0x77290000 - 0x77296000 	C:\Windows\System32\PSAPI.DLL
0x75e30000 - 0x75e74000 	C:\Windows\System32\shlwapi.dll
0x72d10000 - 0x72e00000 	C:\Windows\System32\tmumh\20019\TmMon\2.5.0.2096\tmmon.dll
0x67eb0000 - 0x67f6f000 	C:\Program Files (x86)\Arduino\java\bin\msvcr100.dll
0x67ad0000 - 0x67ea3000 	C:\Program Files (x86)\Arduino\java\bin\client\jvm.dll
0x74ae0000 - 0x74ae8000 	C:\Windows\SYSTEM32\WSOCK32.dll
0x75130000 - 0x7518e000 	C:\Windows\System32\WS2_32.dll
0x745f0000 - 0x74614000 	C:\Windows\SYSTEM32\WINMM.dll
0x741a0000 - 0x741a8000 	C:\Windows\SYSTEM32\VERSION.dll
0x744d0000 - 0x744f3000 	C:\Windows\SYSTEM32\WINMMBASE.dll
0x76f90000 - 0x76fcb000 	C:\Windows\System32\cfgmgr32.dll
0x67aa0000 - 0x67ad0000 	C:\Program Files (x86)\Arduino\java\bin\splashscreen.dll
0x74250000 - 0x742ca000 	C:\Windows\system32\uxtheme.dll
0x6fe70000 - 0x6fe7c000 	C:\Program Files (x86)\Arduino\java\bin\verify.dll
0x77160000 - 0x77263000 	C:\Windows\System32\MSCTF.dll
0x75270000 - 0x75302000 	C:\Windows\System32\OLEAUT32.dll
0x67a70000 - 0x67a92000 	C:\Program Files (x86)\Arduino\java\bin\java.dll
0x67a50000 - 0x67a64000 	C:\Program Files (x86)\Arduino\java\bin\zip.dll
0x772a0000 - 0x772af000 	C:\Windows\System32\kernel.appcore.dll
0x6e8f0000 - 0x6e972000 	C:\Windows\System32\TextInputFramework.dll
0x6e690000 - 0x6e8ee000 	C:\Windows\System32\CoreUIComponents.dll
0x772b0000 - 0x77334000 	C:\Windows\System32\SHCORE.dll
0x6e600000 - 0x6e689000 	C:\Windows\System32\CoreMessaging.dll
0x73ba0000 - 0x73bc9000 	C:\Windows\SYSTEM32\ntmarta.dll
0x6e520000 - 0x6e5f7000 	C:\Windows\SYSTEM32\wintypes.dll
0x6ed60000 - 0x6ef8a000 	C:\Windows\System32\iertutil.dll
0x75f00000 - 0x7647b000 	C:\Windows\System32\SHELL32.dll
0x76620000 - 0x76be1000 	C:\Windows\System32\windows.storage.dll
0x75250000 - 0x75267000 	C:\Windows\System32\profapi.dll
0x74ee0000 - 0x74f23000 	C:\Windows\System32\powrprof.dll
0x76cd0000 - 0x76cdd000 	C:\Windows\System32\UMPDC.dll
0x75ee0000 - 0x75ef3000 	C:\Windows\System32\cryptsp.dll
0x61940000 - 0x619b3000 	C:\Program Files (x86)\Arduino\lib\listSerialsj.dll
0x75650000 - 0x75a99000 	C:\Windows\System32\SETUPAPI.dll
0x77270000 - 0x77289000 	C:\Windows\System32\bcrypt.dll
0x67a10000 - 0x67a2d000 	C:\Program Files (x86)\Arduino\lib\jnidispatch-4.2.2-win32-x86.dll
0x75d30000 - 0x75e27000 	C:\Windows\System32\Ole32.dll
0x679f0000 - 0x67a05000 	C:\Program Files (x86)\Arduino\java\bin\net.dll
0x74450000 - 0x744a2000 	C:\Windows\system32\mswsock.dll
0x6dce0000 - 0x6dcef000 	C:\Program Files (x86)\Arduino\java\bin\nio.dll
0x60490000 - 0x605d7000 	C:\Program Files (x86)\Arduino\java\bin\awt.dll
0x6e2a0000 - 0x6e33f000 	C:\Windows\SYSTEM32\apphelp.dll
0x74170000 - 0x74195000 	C:\Windows\system32\DWMAPI.DLL
0x60450000 - 0x60489000 	C:\Program Files (x86)\Arduino\java\bin\fontmanager.dll
0x60350000 - 0x6044f000 	C:\Windows\system32\opengl32.dll
0x60310000 - 0x6034f000 	C:\Windows\SYSTEM32\GLU32.dll
0x6ed40000 - 0x6ed59000 	C:\Windows\SYSTEM32\dxcore.dll
0x602d0000 - 0x60302000 	C:\Program Files (x86)\Arduino\java\bin\t2k.dll
0x71dd0000 - 0x71df3000 	C:\Windows\SYSTEM32\DEVOBJ.dll
0x770b0000 - 0x770f6000 	C:\Windows\System32\WINTRUST.dll
0x76590000 - 0x7659e000 	C:\Windows\System32\MSASN1.dll
0x76480000 - 0x76581000 	C:\Windows\System32\CRYPT32.dll
0x749a0000 - 0x749d2000 	C:\Windows\SYSTEM32\IPHLPAPI.DLL
0x76bf0000 - 0x76bf7000 	C:\Windows\System32\NSI.dll
0x73bd0000 - 0x73be3000 	C:\Windows\SYSTEM32\dhcpcsvc6.DLL
0x745d0000 - 0x745e5000 	C:\Windows\SYSTEM32\dhcpcsvc.DLL
0x741b0000 - 0x74243000 	C:\Windows\SYSTEM32\DNSAPI.dll
0x74390000 - 0x743a1000 	C:\Windows\system32\napinsp.dll
0x742d0000 - 0x742e6000 	C:\Windows\system32\pnrpnsp.dll
0x74160000 - 0x7416b000 	C:\Windows\System32\winrnr.dll
0x74140000 - 0x74156000 	C:\Windows\system32\NLAapi.dll
0x74130000 - 0x74140000 	C:\Windows\system32\wshbth.dll
0x73c70000 - 0x73c79000 	C:\Program Files (x86)\National Instruments\Shared\mDNS Responder\nimdnsNSP.dll
0x73c60000 - 0x73c6e000 	C:\Windows\SYSTEM32\nimdnsResponder.dll
0x679d0000 - 0x679e4000 	C:\Program Files (x86)\Arduino\java\bin\VCRUNTIME140.dll
0x73bf0000 - 0x73c41000 	C:\Windows\System32\fwpuclnt.dll
0x73c50000 - 0x73c58000 	C:\Windows\System32\rasadhlp.dll
0x60240000 - 0x602a9000 	C:\Program Files (x86)\Arduino\msvcp100.dll
0x60180000 - 0x6023e000 	C:\Program Files (x86)\Arduino\msvcr100.dll
0x28780000 - 0x287b2000 	C:\Program Files (x86)\Arduino\lib\AStylej.dll
0x60150000 - 0x60174000 	C:\Program Files (x86)\Arduino\java\bin\dcpr.dll
0x76c00000 - 0x76c80000 	C:\Windows\System32\clbcatq.dll
0x69910000 - 0x69a79000 	C:\Windows\SYSTEM32\WindowsCodecs.dll
0x60110000 - 0x60141000 	C:\Windows\system32\dataexchange.dll
0x6f400000 - 0x6f5de000 	C:\Windows\system32\d3d11.dll
0x67f70000 - 0x680da000 	C:\Windows\system32\dcomp.dll
0x6f970000 - 0x6fa31000 	C:\Windows\system32\dxgi.dll
0x69720000 - 0x69903000 	C:\Windows\system32\twinapi.appcore.dll
0x6dd40000 - 0x6dd5f000 	C:\Windows\system32\RMCLIENT.dll
0x602b0000 - 0x602d0000 	C:\Program Files (x86)\Arduino\java\bin\sunec.dll
0x73c90000 - 0x73cbf000 	C:\Windows\system32\rsaenh.dll
0x74a30000 - 0x74a4e000 	C:\Windows\SYSTEM32\USERENV.dll
0x6d670000 - 0x6d679000 	C:\Program Files (x86)\Arduino\java\bin\sunmscapi.dll
0x600f0000 - 0x6010b000 	C:\Windows\SYSTEM32\edputil.dll
0x64000000 - 0x6401b000 	C:\Program Files (x86)\Arduino\lib\jSSC-2.8_x86.dll
0x74b80000 - 0x74d0f000 	C:\Windows\SYSTEM32\dbghelp.dll

VM Arguments:
jvm_args: -Dsun.java2d.d3d=false -Djna.nosys=true -Djna.nounpack=true -Djna.boot.library.name=jnidispatch-4.2.2-win32-x86 -Djna.boot.library.path=C:\Program Files (x86)\Arduino/lib -Djssc.library.path=C:\Program Files (x86)\Arduino/lib -DAPP_DIR=C:\Program Files (x86)\Arduino -Xms128M -Xmx512M -Dfile.encoding=UTF8 -Djava.net.preferIPv4Stack=true 
java_command: processing.app.Base G:\TESIS 2.0\Hero 3.0\Códigos_ESP8266\Prueba_Encoders\Prueba_Encoders.ino
java_class_path (initial): C:\Program Files (x86)\Arduino\lib\apple.jar;C:\Program Files (x86)\Arduino\lib\arduino-core.jar;C:\Program Files (x86)\Arduino\lib\batik-1.8.jar;C:\Program Files (x86)\Arduino\lib\batik-anim-1.8.jar;C:\Program Files (x86)\Arduino\lib\batik-awt-util-1.8.jar;C:\Program Files (x86)\Arduino\lib\batik-bridge-1.8.jar;C:\Program Files (x86)\Arduino\lib\batik-codec-1.8.jar;C:\Program Files (x86)\Arduino\lib\batik-css-1.8.jar;C:\Program Files (x86)\Arduino\lib\batik-dom-1.8.jar;C:\Program Files (x86)\Arduino\lib\batik-ext-1.8.jar;C:\Program Files (x86)\Arduino\lib\batik-gvt-1.8.jar;C:\Program Files (x86)\Arduino\lib\batik-parser-1.8.jar;C:\Program Files (x86)\Arduino\lib\batik-rasterizer-1.8.jar;C:\Program Files (x86)\Arduino\lib\batik-script-1.8.jar;C:\Program Files (x86)\Arduino\lib\batik-squiggle-1.8.jar;C:\Program Files (x86)\Arduino\lib\batik-svg-dom-1.8.jar;C:\Program Files (x86)\Arduino\lib\batik-svgpp-1.8.jar;C:\Program Files (x86)\Arduino\lib\batik-transcoder-1.8.jar;C:\Program Files (x86)\Arduino\lib\batik-util-1.8.jar;C:\Program Files (x86)\Arduino\lib\batik-xml-1.8.jar;C:\Program Files (x86)\Arduino\lib\bcpg-jdk15on-152.jar;C:\Program Files (x86)\Arduino\lib\bcprov-jdk15on-152.jar;C:\Program Files (x86)\Arduino\lib\commons-codec-1.7.jar;C:\Program Files (x86)\Arduino\lib\commons-compress-1.8.jar;C:\Program Files (x86)\Arduino\lib\commons-exec-1.1.jar;C:\Program Files (x86)\Arduino\lib\commons-httpclient-3.1.jar;C:\Program Files (x86)\Arduino\lib\commons-lang3-3.8.1.jar;C:\Program Files (x86)\Arduino\lib\commons-logging-1.0.4.jar;C:\Program Files (x86)\Arduino\lib\commons-net-3.3.jar;C:\Program Files (x86)\Arduino\lib\commons-io-2.6.jar;C:\Program Files (x86)\Arduino\lib\jackson-annotations-2.9.5.jar;C:\Program Files (x86)\Arduino\lib\jackson-core-2.9.5.jar;C:\Program Files (x86)\Arduino\lib\jackson-databind-2.9.5.jar;C:\Program Files (x86)\Arduino\lib\java-semver-0.8.0.jar;C:\Program Files (x86)\Arduino\lib\jmdns-3.5.5.jar;C:\Program
Launcher Type: SUN_STANDARD

Environment Variables:
PATH=C:\Program Files (x86)\VMware\VMware Player\bin\;C:\Program Files (x86)\Common Files\Siemens\Bin;C:\Program Files (x86)\Common Files\Siemens\CommonArchiving;C:\Program Files (x86)\Common Files\Siemens\ACE\Bin;C:\Program Files\Common Files\Siemens\Automation\Simatic OAM\bin;C:\Program Files (x86)\Common Files\Oracle\Java\javapath;C:\Windows\system32;C:\Windows;C:\Windows\System32\Wbem;C:\Windows\System32\WindowsPowerShell\v1.0\;C:\Windows\System32\OpenSSH\;C:\Program Files\dotnet\;C:\Program Files (x86)\IVI Foundation\VISA\WinNT\Bin\;C:\Program Files\IVI Foundation\VISA\Win64\Bin\;C:\Program Files (x86)\National Instruments\Shared\LabVIEW CLI;C:\Program Files (x86)\IVI Foundation\VISA\WinNT\Bin;C:\Miktex\miktex\bin\x64\;C:\Program Files\Microsoft SQL Server\Client SDK\ODBC\170\Tools\Binn\;C:\Program Files (x86)\Microsoft SQL Server\150\Tools\Binn\;C:\Program Files\Microsoft SQL Server\150\Tools\Binn\;C:\Program Files\Microsoft SQL Server\150\DTS\Binn\;C:\Users\Administrativo\AppData\Local\Microsoft\WindowsApps;C:\Users\Administrativo\AppData\Local\Programs\MiKTeX\miktex\bin\x64\;C:\Program Files (x86)\Arduino\java\bin
USERNAME=Administrativo
OS=Windows_NT
PROCESSOR_IDENTIFIER=Intel64 Family 6 Model 142 Stepping 10, GenuineIntel



---------------  S Y S T E M  ---------------

OS: Windows 10.0 , 64 bit Build 18362 (10.0.18362.1500)

CPU:total 8 (initial active 8) (4 cores per cpu, 2 threads per core) family 6 model 142 stepping 10, cmov, cx8, fxsr, mmx, sse, sse2, sse3, ssse3, sse4.1, sse4.2, popcnt, avx, avx2, aes, clmul, erms, 3dnowpref, lzcnt, ht, tsc, tscinvbit, bmi1, bmi2, adx

Memory: 4k page, physical 8261220k(1030548k free), swap 14837244k(1822900k free)

vm_info: Java HotSpot(TM) Client VM (25.191-b12) for windows-x86 JRE (1.8.0_191-b12), built on Oct  6 2018 08:34:23 by "java_re" with MS VC++ 10.0 (VS2010)

time: Tue Nov 18 12:27:30 2025
elapsed time: 943 seconds (0d 0h 15m 43s)

